2026-03-06 19:07:53,445 | INFO | MT5 Interface Connected & Authenticated.
2026-03-06 19:07:53,445 | INFO | --- INICIANDO MÓDULO DE ESTUDO: GBPUSD ---
2026-03-06 19:07:53,445 | INFO | Pegando dados históricos para reconstruçăo de cenário...
2026-03-06 19:08:22,827 | INFO | MT5 Interface Connected & Authenticated.
2026-03-06 19:08:22,827 | INFO | --- INICIANDO MÓDULO DE ESTUDO: GBPUSD ---
2026-03-06 19:08:22,827 | INFO | Pegando dados históricos para reconstruçăo de cenário...
2026-03-06 19:08:29,351 | INFO | TARGET: SELL SIGNAL DETECTED (Gekko Alpha) @ 1.33265
2026-03-06 19:08:30,353 | INFO | TARGET: BUY SIGNAL DETECTED (Gekko Alpha) @ 1.33541
2026-03-06 19:08:31,357 | INFO | TARGET: SELL SIGNAL DETECTED (Gekko Alpha) @ 1.33385
2026-03-06 19:08:31,859 | INFO | TARGET: SELL SIGNAL DETECTED (Gekko Alpha) @ 1.33377
2026-03-06 19:08:32,361 | INFO | TARGET: SELL SIGNAL DETECTED (Gekko Alpha) @ 1.33396
2026-03-06 19:08:33,364 | INFO | TARGET: SELL SIGNAL DETECTED (Gekko Alpha) @ 1.33407
2026-03-06 19:08:33,865 | INFO | TARGET: BUY SIGNAL DETECTED (Gekko Alpha) @ 1.33756
2026-03-06 19:08:34,367 | INFO | TARGET: BUY SIGNAL DETECTED (Gekko Alpha) @ 1.33546
2026-03-06 19:08:41,892 | INFO | TARGET: BUY SIGNAL DETECTED (Gekko Alpha) @ 1.33914
2026-03-06 19:08:44,901 | INFO | TARGET: BUY SIGNAL DETECTED (Gekko Alpha) @ 1.33849
2026-03-06 19:08:45,403 | INFO | TARGET: BUY SIGNAL DETECTED (Gekko Alpha) @ 1.33913
2026-03-06 19:10:53,166 | INFO | MT5 Interface Connected & Authenticated.
2026-03-06 19:10:53,167 | INFO | --- INICIANDO MÓDULO DE ESTUDO: GBPUSD ---
2026-03-06 19:10:53,167 | INFO | Pegando dados históricos para reconstruçăo de cenário...
2026-03-06 19:10:59,702 | INFO | TARGET: SELL SIGNAL DETECTED (Gekko Alpha) @ 1.33265
2026-03-06 19:11:00,706 | INFO | TARGET: BUY SIGNAL DETECTED (Gekko Alpha) @ 1.33541
2026-03-06 19:11:01,709 | INFO | TARGET: SELL SIGNAL DETECTED (Gekko Alpha) @ 1.33385
2026-03-06 19:11:02,211 | INFO | TARGET: SELL SIGNAL DETECTED (Gekko Alpha) @ 1.33377
2026-03-06 19:11:02,712 | INFO | TARGET: SELL SIGNAL DETECTED (Gekko Alpha) @ 1.33396
2026-03-06 19:11:03,716 | INFO | TARGET: SELL SIGNAL DETECTED (Gekko Alpha) @ 1.33407
2026-03-06 19:11:04,217 | INFO | TARGET: BUY SIGNAL DETECTED (Gekko Alpha) @ 1.33756
2026-03-06 19:11:04,719 | INFO | TARGET: BUY SIGNAL DETECTED (Gekko Alpha) @ 1.33546
2026-03-06 19:11:12,244 | INFO | TARGET: BUY SIGNAL DETECTED (Gekko Alpha) @ 1.33914
2026-03-06 19:11:15,254 | INFO | TARGET: BUY SIGNAL DETECTED (Gekko Alpha) @ 1.33849
2026-03-06 19:11:15,756 | INFO | TARGET: BUY SIGNAL DETECTED (Gekko Alpha) @ 1.33913
